mode: set
C:\Users\kasaderos\Documents\go\bnfparser\instruction.go:16.32,18.2 1 1
C:\Users\kasaderos\Documents\go\bnfparser\instruction.go:20.38,22.2 1 0
C:\Users\kasaderos\Documents\go\bnfparser\instruction.go:24.35,25.21 1 1
C:\Users\kasaderos\Documents\go\bnfparser\instruction.go:25.21,28.16 3 1
C:\Users\kasaderos\Documents\go\bnfparser\instruction.go:29.12,30.15 1 1
C:\Users\kasaderos\Documents\go\bnfparser\instruction.go:31.12,32.11 1 1
C:\Users\kasaderos\Documents\go\bnfparser\instruction.go:40.4,40.15 1 1
C:\Users\kasaderos\Documents\go\bnfparser\instruction.go:41.12,43.34 2 1
C:\Users\kasaderos\Documents\go\bnfparser\instruction.go:32.11,33.27 1 1
C:\Users\kasaderos\Documents\go\bnfparser\instruction.go:33.27,38.6 4 1
C:\Users\kasaderos\Documents\go\bnfparser\instruction.go:43.34,46.5 2 1
C:\Users\kasaderos\Documents\go\bnfparser\instruction.go:51.31,57.21 4 1
C:\Users\kasaderos\Documents\go\bnfparser\instruction.go:71.2,71.12 1 1
C:\Users\kasaderos\Documents\go\bnfparser\instruction.go:57.21,60.16 3 1
C:\Users\kasaderos\Documents\go\bnfparser\instruction.go:61.17,63.24 1 1
C:\Users\kasaderos\Documents\go\bnfparser\instruction.go:66.12,68.20 2 1
C:\Users\kasaderos\Documents\go\bnfparser\instruction.go:63.24,65.5 1 1
C:\Users\kasaderos\Documents\go\bnfparser\main.go:11.13,15.16 3 0
C:\Users\kasaderos\Documents\go\bnfparser\main.go:19.2,20.16 2 0
C:\Users\kasaderos\Documents\go\bnfparser\main.go:23.2,23.9 1 0
C:\Users\kasaderos\Documents\go\bnfparser\main.go:15.16,16.13 1 0
C:\Users\kasaderos\Documents\go\bnfparser\main.go:20.16,21.13 1 0
C:\Users\kasaderos\Documents\go\bnfparser\parser.go:34.45,36.13 2 0
C:\Users\kasaderos\Documents\go\bnfparser\parser.go:39.2,41.18 3 0
C:\Users\kasaderos\Documents\go\bnfparser\parser.go:36.13,38.3 1 0
C:\Users\kasaderos\Documents\go\bnfparser\parser.go:59.37,61.2 1 0
C:\Users\kasaderos\Documents\go\bnfparser\parser.go:63.28,65.2 1 0
C:\Users\kasaderos\Documents\go\bnfparser\parser.go:67.27,69.2 1 0
C:\Users\kasaderos\Documents\go\bnfparser\parser.go:71.47,73.2 1 0
C:\Users\kasaderos\Documents\go\bnfparser\parser.go:75.28,76.24 1 0
C:\Users\kasaderos\Documents\go\bnfparser\parser.go:80.2,81.14 2 0
C:\Users\kasaderos\Documents\go\bnfparser\parser.go:76.24,79.3 2 0
C:\Users\kasaderos\Documents\go\bnfparser\parser.go:85.40,87.13 2 0
C:\Users\kasaderos\Documents\go\bnfparser\parser.go:99.2,99.14 1 0
C:\Users\kasaderos\Documents\go\bnfparser\parser.go:87.13,89.18 2 0
C:\Users\kasaderos\Documents\go\bnfparser\parser.go:97.3,97.9 1 0
C:\Users\kasaderos\Documents\go\bnfparser\parser.go:89.18,91.4 1 0
C:\Users\kasaderos\Documents\go\bnfparser\parser.go:91.9,91.28 1 0
C:\Users\kasaderos\Documents\go\bnfparser\parser.go:91.28,94.4 2 0
C:\Users\kasaderos\Documents\go\bnfparser\parser.go:94.9,96.4 1 0
C:\Users\kasaderos\Documents\go\bnfparser\parser.go:102.27,104.2 1 0
C:\Users\kasaderos\Documents\go\bnfparser\parser.go:106.43,108.13 2 0
C:\Users\kasaderos\Documents\go\bnfparser\parser.go:115.2,117.18 2 0
C:\Users\kasaderos\Documents\go\bnfparser\parser.go:131.2,131.14 1 0
C:\Users\kasaderos\Documents\go\bnfparser\parser.go:108.13,110.21 2 0
C:\Users\kasaderos\Documents\go\bnfparser\parser.go:113.3,113.9 1 0
C:\Users\kasaderos\Documents\go\bnfparser\parser.go:110.21,111.9 1 0
C:\Users\kasaderos\Documents\go\bnfparser\parser.go:117.18,118.13 1 0
C:\Users\kasaderos\Documents\go\bnfparser\parser.go:122.3,122.15 1 0
C:\Users\kasaderos\Documents\go\bnfparser\parser.go:118.13,121.4 2 0
C:\Users\kasaderos\Documents\go\bnfparser\parser.go:134.32,136.2 1 0
C:\Users\kasaderos\Documents\go\bnfparser\parser.go:138.35,144.35 5 0
C:\Users\kasaderos\Documents\go\bnfparser\parser.go:149.2,149.14 1 0
C:\Users\kasaderos\Documents\go\bnfparser\parser.go:144.35,147.3 2 0
C:\Users\kasaderos\Documents\go\bnfparser\parser.go:152.33,154.2 1 0
C:\Users\kasaderos\Documents\go\bnfparser\parser.go:158.46,159.22 1 0
C:\Users\kasaderos\Documents\go\bnfparser\parser.go:163.2,168.13 5 0
C:\Users\kasaderos\Documents\go\bnfparser\parser.go:178.2,178.12 1 0
C:\Users\kasaderos\Documents\go\bnfparser\parser.go:183.2,183.18 1 0
C:\Users\kasaderos\Documents\go\bnfparser\parser.go:193.2,193.14 1 0
C:\Users\kasaderos\Documents\go\bnfparser\parser.go:159.22,162.3 2 0
C:\Users\kasaderos\Documents\go\bnfparser\parser.go:168.13,169.21 1 0
C:\Users\kasaderos\Documents\go\bnfparser\parser.go:174.3,175.15 2 0
C:\Users\kasaderos\Documents\go\bnfparser\parser.go:169.21,172.9 3 0
C:\Users\kasaderos\Documents\go\bnfparser\parser.go:178.12,181.3 2 0
C:\Users\kasaderos\Documents\go\bnfparser\parser.go:183.18,186.3 1 0
C:\Users\kasaderos\Documents\go\bnfparser\parser.go:196.32,199.2 1 0
C:\Users\kasaderos\Documents\go\bnfparser\parser.go:201.32,202.37 1 0
C:\Users\kasaderos\Documents\go\bnfparser\parser.go:205.2,205.13 1 0
C:\Users\kasaderos\Documents\go\bnfparser\parser.go:202.37,204.3 1 0
C:\Users\kasaderos\Documents\go\bnfparser\parser.go:256.36,257.21 1 0
C:\Users\kasaderos\Documents\go\bnfparser\parser.go:257.21,259.3 1 0
C:\Users\kasaderos\Documents\go\bnfparser\parser.go:262.41,265.16 3 0
C:\Users\kasaderos\Documents\go\bnfparser\parser.go:265.16,266.21 1 0
C:\Users\kasaderos\Documents\go\bnfparser\parser.go:269.3,270.17 2 0
C:\Users\kasaderos\Documents\go\bnfparser\parser.go:266.21,268.4 1 0
C:\Users\kasaderos\Documents\go\bnfparser\stack.go:14.34,16.2 1 1
C:\Users\kasaderos\Documents\go\bnfparser\stack.go:18.26,20.2 1 1
C:\Users\kasaderos\Documents\go\bnfparser\stack.go:22.32,24.2 1 1
C:\Users\kasaderos\Documents\go\bnfparser\stack.go:26.33,28.2 1 1
C:\Users\kasaderos\Documents\go\bnfparser\stack.go:30.28,32.18 2 0
C:\Users\kasaderos\Documents\go\bnfparser\stack.go:35.2,35.31 1 0
C:\Users\kasaderos\Documents\go\bnfparser\stack.go:38.2,38.22 1 0
C:\Users\kasaderos\Documents\go\bnfparser\stack.go:32.18,34.3 1 0
C:\Users\kasaderos\Documents\go\bnfparser\stack.go:35.31,37.3 1 0
